<?xml version="1.0" encoding="UTF-8"?>
<!-- Generated by org.testng.reporters.JUnitReportReporter -->
<testsuite skipped="0" hostname="Utsav-PC" name="com.test.TestSignUp" tests="1" failures="0" timestamp="09 Oct 2019 06:08:18 GMT" time="65.097" errors="0">
  <testcase name="checkvalidCredentialsSignUp" time="65.097" classname="com.test.TestSignUp"/>
</testsuite> <!-- com.test.TestSignUp -->
