<?xml version="1.0" encoding="UTF-8"?>
<!-- Generated by org.testng.reporters.JUnitReportReporter -->
<testsuite skipped="0" hostname="Utsav-PC" name="com.test.TestLoginPage" tests="4" failures="0" timestamp="08 Oct 2019 18:19:38 GMT" time="154.487" errors="0">
  <testcase name="checkinvalidlogin" time="25.991" classname="com.test.TestLoginPage"/>
  <testcase name="checkValidCredentials" time="51.961" classname="com.test.TestLoginPage"/>
  <testcase name="checkValidCredentials" time="41.883" classname="com.test.TestLoginPage"/>
  <testcase name="checkValidCredentials" time="34.652" classname="com.test.TestLoginPage"/>
</testsuite> <!-- com.test.TestLoginPage -->
